php /storage/www/upgradescripts/db_handler.php /storage/www/s16server/accounts/standardCrmDup3No 20190402_004415 standardCrmDup3No
array (
  0 => '',
  1 => 'Deprecated: mysql_connect(): The mysql extension is deprecated and will be removed in the future: use mysqli or PDO instead in /storage/access/dbConnect.php on line 11',
  2 => '',
  3 => 'Warning: mysql_fetch_assoc() expects parameter 1 to be resource, boolean given in /storage/www/upgradescripts/db_handler.php on line 149',
  4 => '',
  5 => 'Warning: mysql_fetch_assoc() expects parameter 1 to be resource, boolean given in /storage/www/upgradescripts/db_handler.php on line 149',
  6 => '',
  7 => 'Warning: mysql_fetch_assoc() expects parameter 1 to be resource, boolean given in /storage/www/upgradescripts/db_handler.php on line 149',
  8 => '',
  9 => 'Warning: mysql_fetch_assoc() expects parameter 1 to be resource, boolean given in /storage/www/upgradescripts/db_handler.php on line 149',
  10 => '',
  11 => 'Warning: mysql_fetch_assoc() expects parameter 1 to be resource, boolean given in /storage/www/upgradescripts/db_handler.php on line 149',
  12 => '',
  13 => 'Warning: mysql_fetch_assoc() expects parameter 1 to be resource, boolean given in /storage/www/upgradescripts/db_handler.php on line 149',
  14 => '',
  15 => 'Warning: mysql_fetch_assoc() expects parameter 1 to be resource, boolean given in /storage/www/upgradescripts/db_handler.php on line 149',
  16 => '',
  17 => 'Warning: mysql_fetch_assoc() expects parameter 1 to be resource, boolean given in /storage/www/upgradescripts/db_handler.php on line 149',
  18 => '',
  19 => 'Warning: mysql_fetch_assoc() expects parameter 1 to be resource, boolean given in /storage/www/upgradescripts/db_handler.php on line 149',
  20 => '',
  21 => 'Warning: mysql_fetch_assoc() expects parameter 1 to be resource, boolean given in /storage/www/upgradescripts/db_handler.php on line 149',
  22 => '',
  23 => 'Warning: mysql_fetch_assoc() expects parameter 1 to be resource, boolean given in /storage/www/upgradescripts/db_handler.php on line 149',
  24 => '',
  25 => 'Warning: mysql_fetch_assoc() expects parameter 1 to be resource, boolean given in /storage/www/upgradescripts/db_handler.php on line 149',
  26 => '',
  27 => 'Warning: mysql_fetch_assoc() expects parameter 1 to be resource, boolean given in /storage/www/upgradescripts/db_handler.php on line 149',
  28 => '',
  29 => 'Warning: mysql_fetch_assoc() expects parameter 1 to be resource, boolean given in /storage/www/upgradescripts/db_handler.php on line 149',
  30 => '',
  31 => 'Warning: mysql_fetch_assoc() expects parameter 1 to be resource, boolean given in /storage/www/upgradescripts/db_handler.php on line 149',
  32 => '',
  33 => 'Warning: mysql_fetch_assoc() expects parameter 1 to be resource, boolean given in /storage/www/upgradescripts/db_handler.php on line 149',
  34 => '',
  35 => 'Warning: mysql_fetch_assoc() expects parameter 1 to be resource, boolean given in /storage/www/upgradescripts/db_handler.php on line 149',
  36 => '',
  37 => 'Warning: mysql_fetch_assoc() expects parameter 1 to be resource, boolean given in /storage/www/upgradescripts/db_handler.php on line 149',
  38 => '',
  39 => 'Warning: mysql_fetch_assoc() expects parameter 1 to be resource, boolean given in /storage/www/upgradescripts/db_handler.php on line 149',
  40 => '',
  41 => 'Warning: mysql_fetch_assoc() expects parameter 1 to be resource, boolean given in /storage/www/upgradescripts/db_handler.php on line 149',
  42 => '',
  43 => 'Warning: mysql_fetch_assoc() expects parameter 1 to be resource, boolean given in /storage/www/upgradescripts/db_handler.php on line 149',
  44 => '',
  45 => 'Warning: mysql_fetch_assoc() expects parameter 1 to be resource, boolean given in /storage/www/upgradescripts/db_handler.php on line 149',
  46 => '',
  47 => 'Warning: mysql_fetch_assoc() expects parameter 1 to be resource, boolean given in /storage/www/upgradescripts/db_handler.php on line 149',
  48 => '',
  49 => 'Warning: mysql_fetch_assoc() expects parameter 1 to be resource, boolean given in /storage/www/upgradescripts/db_handler.php on line 149',
  50 => '',
  51 => 'Warning: mysql_fetch_assoc() expects parameter 1 to be resource, boolean given in /storage/www/upgradescripts/db_handler.php on line 149',
  52 => '',
  53 => 'Warning: mysql_fetch_assoc() expects parameter 1 to be resource, boolean given in /storage/www/upgradescripts/db_handler.php on line 149',
  54 => '',
  55 => 'Warning: mysql_fetch_assoc() expects parameter 1 to be resource, boolean given in /storage/www/upgradescripts/db_handler.php on line 149',
  56 => '',
  57 => 'Warning: mysql_fetch_assoc() expects parameter 1 to be resource, boolean given in /storage/www/upgradescripts/db_handler.php on line 149',
  58 => '',
  59 => 'Warning: mysql_fetch_assoc() expects parameter 1 to be resource, boolean given in /storage/www/upgradescripts/db_handler.php on line 149',
  60 => '',
  61 => 'Warning: mysql_fetch_assoc() expects parameter 1 to be resource, boolean given in /storage/www/upgradescripts/db_handler.php on line 149',
  62 => '',
  63 => 'Warning: mysql_fetch_assoc() expects parameter 1 to be resource, boolean given in /storage/www/upgradescripts/db_handler.php on line 149',
  64 => '',
  65 => 'Warning: mysql_fetch_assoc() expects parameter 1 to be resource, boolean given in /storage/www/upgradescripts/db_handler.php on line 149',
  66 => '',
  67 => 'Warning: mysql_fetch_assoc() expects parameter 1 to be resource, boolean given in /storage/www/upgradescripts/db_handler.php on line 149',
  68 => '',
  69 => 'Notice: Undefined index: edition in /storage/www/upgradescripts/db_handler.php on line 356',
  70 => '',
  71 => 'Notice: Undefined index: edition_redirect_module in /storage/www/upgradescripts/db_handler.php on line 356',
  72 => '',
  73 => 'Notice: Undefined index: edition in /storage/www/upgradescripts/db_handler.php on line 356',
  74 => '',
  75 => 'Notice: Undefined index: edition_redirect_module in /storage/www/upgradescripts/db_handler.php on line 356',
  76 => '',
  77 => 'Notice: Undefined index: edition in /storage/www/upgradescripts/db_handler.php on line 356',
  78 => '',
  79 => 'Notice: Undefined index: edition_redirect_module in /storage/www/upgradescripts/db_handler.php on line 356',
  80 => '',
  81 => 'Notice: Undefined index: edition in /storage/www/upgradescripts/db_handler.php on line 356',
  82 => '',
  83 => 'Notice: Undefined index: edition_redirect_module in /storage/www/upgradescripts/db_handler.php on line 356',
  84 => '',
  85 => 'Notice: Undefined index: edition in /storage/www/upgradescripts/db_handler.php on line 356',
  86 => '',
  87 => 'Notice: Undefined index: edition_redirect_module in /storage/www/upgradescripts/db_handler.php on line 356',
  88 => '',
  89 => 'Notice: Undefined index: edition in /storage/www/upgradescripts/db_handler.php on line 356',
  90 => '',
  91 => 'Notice: Undefined index: edition_redirect_module in /storage/www/upgradescripts/db_handler.php on line 356',
  92 => '',
  93 => 'Notice: Undefined index: edition in /storage/www/upgradescripts/db_handler.php on line 356',
  94 => '',
  95 => 'Notice: Undefined index: edition_redirect_module in /storage/www/upgradescripts/db_handler.php on line 356',
  96 => '',
  97 => 'Notice: Undefined index: edition in /storage/www/upgradescripts/db_handler.php on line 356',
  98 => '',
  99 => 'Notice: Undefined index: edition_redirect_module in /storage/www/upgradescripts/db_handler.php on line 356',
  100 => '',
  101 => 'Notice: Undefined index: edition in /storage/www/upgradescripts/db_handler.php on line 356',
  102 => '',
  103 => 'Notice: Undefined index: edition_redirect_module in /storage/www/upgradescripts/db_handler.php on line 356',
  104 => '',
  105 => 'Notice: Undefined index: edition in /storage/www/upgradescripts/db_handler.php on line 356',
  106 => '',
  107 => 'Notice: Undefined index: edition_redirect_module in /storage/www/upgradescripts/db_handler.php on line 356',
  108 => '',
  109 => 'Notice: Undefined index: edition in /storage/www/upgradescripts/db_handler.php on line 356',
  110 => '',
  111 => 'Notice: Undefined index: edition_redirect_module in /storage/www/upgradescripts/db_handler.php on line 356',
  112 => '',
  113 => 'Notice: Undefined index: edition in /storage/www/upgradescripts/db_handler.php on line 356',
  114 => '',
  115 => 'Notice: Undefined index: edition_redirect_module in /storage/www/upgradescripts/db_handler.php on line 356',
  116 => '',
  117 => 'Notice: Undefined index: edition in /storage/www/upgradescripts/db_handler.php on line 356',
  118 => '',
  119 => 'Notice: Undefined index: edition_redirect_module in /storage/www/upgradescripts/db_handler.php on line 356',
  120 => '',
  121 => 'Notice: Undefined index: edition in /storage/www/upgradescripts/db_handler.php on line 356',
  122 => '',
  123 => 'Notice: Undefined index: edition_redirect_module in /storage/www/upgradescripts/db_handler.php on line 356',
  124 => '',
  125 => 'Notice: Undefined index: edition in /storage/www/upgradescripts/db_handler.php on line 356',
  126 => '',
  127 => 'Notice: Undefined index: edition_redirect_module in /storage/www/upgradescripts/db_handler.php on line 356',
  128 => '',
  129 => 'Notice: Undefined index: edition in /storage/www/upgradescripts/db_handler.php on line 356',
  130 => '',
  131 => 'Notice: Undefined index: edition_redirect_module in /storage/www/upgradescripts/db_handler.php on line 356',
  132 => '',
  133 => 'Notice: Undefined index: edition in /storage/www/upgradescripts/db_handler.php on line 356',
  134 => '',
  135 => 'Notice: Undefined index: edition_redirect_module in /storage/www/upgradescripts/db_handler.php on line 356',
  136 => '',
  137 => 'Notice: Undefined index: edition in /storage/www/upgradescripts/db_handler.php on line 356',
  138 => '',
  139 => 'Notice: Undefined index: edition_redirect_module in /storage/www/upgradescripts/db_handler.php on line 356',
  140 => '',
  141 => 'Notice: Undefined index: edition in /storage/www/upgradescripts/db_handler.php on line 356',
  142 => '',
  143 => 'Notice: Undefined index: edition_redirect_module in /storage/www/upgradescripts/db_handler.php on line 356',
  144 => '',
  145 => 'Notice: Undefined index: edition in /storage/www/upgradescripts/db_handler.php on line 356',
  146 => '',
  147 => 'Notice: Undefined index: edition_redirect_module in /storage/www/upgradescripts/db_handler.php on line 356',
  148 => '',
  149 => 'Notice: Undefined index: edition in /storage/www/upgradescripts/db_handler.php on line 356',
  150 => '',
  151 => 'Notice: Undefined index: edition_redirect_module in /storage/www/upgradescripts/db_handler.php on line 356',
  152 => '',
  153 => 'Notice: Undefined index: edition in /storage/www/upgradescripts/db_handler.php on line 356',
  154 => '',
  155 => 'Notice: Undefined index: edition_redirect_module in /storage/www/upgradescripts/db_handler.php on line 356',
  156 => '',
  157 => 'Notice: Undefined index: edition in /storage/www/upgradescripts/db_handler.php on line 356',
  158 => '',
  159 => 'Notice: Undefined index: edition_redirect_module in /storage/www/upgradescripts/db_handler.php on line 356',
  160 => '',
  161 => 'Notice: Undefined index: edition in /storage/www/upgradescripts/db_handler.php on line 356',
  162 => '',
  163 => 'Notice: Undefined index: edition_redirect_module in /storage/www/upgradescripts/db_handler.php on line 356',
  164 => '',
  165 => 'Notice: Undefined index: edition in /storage/www/upgradescripts/db_handler.php on line 356',
  166 => '',
  167 => 'Notice: Undefined index: edition_redirect_module in /storage/www/upgradescripts/db_handler.php on line 356',
  168 => '',
  169 => 'Notice: Undefined index: edition in /storage/www/upgradescripts/db_handler.php on line 356',
  170 => '',
  171 => 'Notice: Undefined index: edition_redirect_module in /storage/www/upgradescripts/db_handler.php on line 356',
  172 => '',
  173 => 'Notice: Undefined index: edition in /storage/www/upgradescripts/db_handler.php on line 356',
  174 => '',
  175 => 'Notice: Undefined index: edition_redirect_module in /storage/www/upgradescripts/db_handler.php on line 356',
  176 => '',
  177 => 'Notice: Undefined index: edition in /storage/www/upgradescripts/db_handler.php on line 356',
  178 => '',
  179 => 'Notice: Undefined index: edition_redirect_module in /storage/www/upgradescripts/db_handler.php on line 356',
  180 => '',
  181 => 'Notice: Undefined index: edition in /storage/www/upgradescripts/db_handler.php on line 356',
  182 => '',
  183 => 'Notice: Undefined index: edition_redirect_module in /storage/www/upgradescripts/db_handler.php on line 356',
  184 => '',
  185 => 'Notice: Undefined index: edition in /storage/www/upgradescripts/db_handler.php on line 356',
  186 => '',
  187 => 'Notice: Undefined index: edition_redirect_module in /storage/www/upgradescripts/db_handler.php on line 356',
)mv /storage/www/s16server/accounts/standardCrmDup3No/upgrade /storage/www/s16server/accounts/standardCrmDup3No/upgrade_complete
rm /storage/www/s16server/accounts/standardCrmDup3No/upgrade_lock


Exec errors:
array (
)php /var/www/upgradescripts/db_handler.php /var/www/s27server/accounts/oflowDirectClients 20210612_153024 oflowDirectClients
array (
  0 => '',
  1 => 'Notice: Undefined index: cksum in /var/www/upgradescripts/db_handler.php on line 99',
  2 => '',
  3 => 'Notice: Undefined index: cksum in /var/www/upgradescripts/db_handler.php on line 99',
  4 => '',
  5 => 'Notice: Undefined index: cksum in /var/www/upgradescripts/db_handler.php on line 113',
  6 => '',
  7 => 'Notice: Undefined index: cksum in /var/www/upgradescripts/db_handler.php on line 113',
)mv /var/www/s27server/accounts/oflowDirectClients/upgrade /var/www/s27server/accounts/oflowDirectClients/upgrade_complete
rm /var/www/s27server/accounts/oflowDirectClients/upgrade_lock
mv /var/www/s27server/accounts/oflowDirectClients/api_disabled/ /var/www/s27server/accounts/oflowDirectClients/api/


Exec errors:
